<?xml version="1.0" encoding="UTF-8"?>
<!-- Generated by org.testng.reporters.JUnitXMLReporter -->
<testsuite hostname="rmnn-m4" ignored="0" name="Command line test" tests="5" failures="0" timestamp="08 дек 2016 11:10:40 GMT" time="0.077" errors="0">
  <testcase name="testApp on testApp(com.mycompany.app.AppTest)" time="0.009" classname="com.mycompany.app.AppTest"/>
  <testcase name="testSumOperation on testSumOperation(com.mycompany.app.CalculatorTest)" time="0.004" classname="com.mycompany.app.CalculatorTest"/>
  <testcase name="testDivZeroOperation on testDivZeroOperation(com.mycompany.app.CalculatorTest)" time="0.003" classname="com.mycompany.app.CalculatorTest"/>
  <testcase name="testDiv2Operation on testDiv2Operation(com.mycompany.app.CalculatorTest)" time="0.004" classname="com.mycompany.app.CalculatorTest"/>
  <testcase name="testDiv1Operation on testDiv1Operation(com.mycompany.app.CalculatorTest)" time="0.004" classname="com.mycompany.app.CalculatorTest"/>
</testsuite> <!-- Command line test -->
